{"level":50,"time":1652395725004,"pid":3552,"hostname":"DESKTOP-3BSME3H","msg":"Tuvimos el siguiente error: TypeError: Cannot read properties of undefined (reading 'username')"}
{"level":50,"time":1652451272404,"pid":10908,"hostname":"DESKTOP-3BSME3H","msg":"Tuvimos el siguiente error: TypeError: Cannot read properties of undefined (reading 'isRevoked')"}
{"level":50,"time":1652451499212,"pid":10908,"hostname":"DESKTOP-3BSME3H","msg":"Tuvimos el siguiente error: TypeError: UserService.findByName is not a function"}
{"level":50,"time":1652451508986,"pid":10908,"hostname":"DESKTOP-3BSME3H","msg":"Tuvimos el siguiente error: TypeError: UserService.findByName is not a function"}
{"level":50,"time":1652451691403,"pid":5180,"hostname":"DESKTOP-3BSME3H","msg":"Tuvimos el siguiente error: ReferenceError: exists is not defined"}
{"level":50,"time":1652451720730,"pid":7124,"hostname":"DESKTOP-3BSME3H","msg":"Tuvimos el siguiente error: Error: \"algorithm\" must be a valid string enum value"}
{"level":50,"time":1652470493217,"pid":4732,"hostname":"DESKTOP-3BSME3H","msg":"Tuvimos el siguiente error: Error: \"algorithm\" must be a valid string enum value"}
{"level":50,"time":1652470570293,"pid":14328,"hostname":"DESKTOP-3BSME3H","msg":"Tuvimos el siguiente error: Error: \"algorithm\" must be a valid string enum value"}
{"level":50,"time":1652474122228,"pid":9540,"hostname":"DESKTOP-3BSME3H","msg":"Tuvimos el siguiente error: TypeError: name argument is required to req.get"}
{"level":50,"time":1652481944630,"pid":13372,"hostname":"DESKTOP-3BSME3H","msg":"Tuvimos el siguiente error: ReferenceError: sessionStorage is not defined"}
{"level":50,"time":1652533977470,"pid":11396,"hostname":"DESKTOP-3BSME3H","msg":"Tuvimos el siguiente error: Error: Credenciales invalidas"}
{"level":50,"time":1652533977471,"pid":11396,"hostname":"DESKTOP-3BSME3H","msg":"Tuvimos el siguiente error: TypeError: Cannot read properties of undefined (reading 'token')"}
{"level":50,"time":1652535394150,"pid":10764,"hostname":"DESKTOP-3BSME3H","msg":"Tuvimos el siguiente error: CastError: Cast to ObjectId failed for value \"{ _id: 'register' }\" (type Object) at path \"_id\" for model \"users\""}
{"level":50,"time":1652535538155,"pid":1920,"hostname":"DESKTOP-3BSME3H","msg":"Tuvimos el siguiente error: CastError: Cast to ObjectId failed for value \"{ _id: 'register' }\" (type Object) at path \"_id\" for model \"users\""}
{"level":50,"time":1652535559298,"pid":13884,"hostname":"DESKTOP-3BSME3H","msg":"Tuvimos el siguiente error: CastError: Cast to ObjectId failed for value \"{ _id: 'register' }\" (type Object) at path \"_id\" for model \"users\""}
{"level":50,"time":1652535736300,"pid":12520,"hostname":"DESKTOP-3BSME3H","msg":"Tuvimos el siguiente error: CastError: Cast to ObjectId failed for value \"{ _id: 'register' }\" (type Object) at path \"_id\" for model \"users\""}
{"level":50,"time":1652535796302,"pid":8792,"hostname":"DESKTOP-3BSME3H","msg":"Tuvimos el siguiente error: CastError: Cast to ObjectId failed for value \"{ _id: 'register' }\" (type Object) at path \"_id\" for model \"users\""}
{"level":50,"time":1652535892749,"pid":13132,"hostname":"DESKTOP-3BSME3H","msg":"Tuvimos el siguiente error: CastError: Cast to ObjectId failed for value \"{ _id: 'register' }\" (type Object) at path \"_id\" for model \"users\""}
{"level":50,"time":1652537491656,"pid":2460,"hostname":"DESKTOP-3BSME3H","msg":"Tuvimos el siguiente error: CastError: Cast to ObjectId failed for value \"{ _id: 'register' }\" (type Object) at path \"_id\" for model \"users\""}
{"level":50,"time":1652537909147,"pid":13632,"hostname":"DESKTOP-3BSME3H","msg":"Tuvimos el siguiente error: TypeError: userServices.findOne is not a function"}
{"level":50,"time":1652537987609,"pid":11684,"hostname":"DESKTOP-3BSME3H","msg":"Tuvimos el siguiente error: TypeError: userServices.findOne is not a function"}
{"level":50,"time":1652538055069,"pid":7164,"hostname":"DESKTOP-3BSME3H","msg":"Tuvimos el siguiente error: TypeError: userServices.findOne is not a function"}
{"level":50,"time":1652538101769,"pid":10892,"hostname":"DESKTOP-3BSME3H","msg":"Tuvimos el siguiente error: CastError: Cast to ObjectId failed for value \"{ _id: 'register' }\" (type Object) at path \"_id\" for model \"users\""}
{"level":50,"time":1652538139277,"pid":8900,"hostname":"DESKTOP-3BSME3H","msg":"Tuvimos el siguiente error: CastError: Cast to ObjectId failed for value \"{ _id: 'register' }\" (type Object) at path \"_id\" for model \"users\""}
{"level":50,"time":1652538154537,"pid":1632,"hostname":"DESKTOP-3BSME3H","msg":"Tuvimos el siguiente error: CastError: Cast to ObjectId failed for value \"{ _id: 'register' }\" (type Object) at path \"_id\" for model \"users\""}
{"level":50,"time":1652563365611,"pid":14216,"hostname":"DESKTOP-3BSME3H","msg":"Tuvimos el siguiente error: ReferenceError: req is not defined"}
{"level":50,"time":1652563394795,"pid":12732,"hostname":"DESKTOP-3BSME3H","msg":"Tuvimos el siguiente error: ReferenceError: req is not defined"}
{"level":50,"time":1652578472711,"pid":13908,"hostname":"DESKTOP-3BSME3H","msg":"Tuvimos el siguiente error: ReferenceError: authServices is not defined"}
{"level":50,"time":1652578478960,"pid":13908,"hostname":"DESKTOP-3BSME3H","msg":"Tuvimos el siguiente error: ReferenceError: authServices is not defined"}
{"level":50,"time":1652626313794,"pid":11080,"hostname":"DESKTOP-3BSME3H","msg":"Tuvimos el siguiente error: JsonWebTokenError: jwt must be provided"}
{"level":50,"time":1652626313795,"pid":11080,"hostname":"DESKTOP-3BSME3H","msg":"Tuvimos el siguiente error: Error: Token invalido"}
{"level":50,"time":1652626332254,"pid":11080,"hostname":"DESKTOP-3BSME3H","msg":"Tuvimos el siguiente error: JsonWebTokenError: jwt must be provided"}
{"level":50,"time":1652626332254,"pid":11080,"hostname":"DESKTOP-3BSME3H","msg":"Tuvimos el siguiente error: Error: Token invalido"}
{"level":50,"time":1652626509026,"pid":11080,"hostname":"DESKTOP-3BSME3H","msg":"Tuvimos el siguiente error: CastError: Cast to ObjectId failed for value \"url\" (type string) at path \"_id\" for model \"products\""}
{"level":50,"time":1652626755534,"pid":11080,"hostname":"DESKTOP-3BSME3H","msg":"Tuvimos el siguiente error: CastError: Cast to ObjectId failed for value \"url\" (type string) at path \"_id\" for model \"products\""}
{"level":50,"time":1652630140866,"pid":3196,"hostname":"DESKTOP-3BSME3H","msg":"Tuvimos el siguiente error: JsonWebTokenError: jwt must be provided"}
{"level":50,"time":1652630140867,"pid":3196,"hostname":"DESKTOP-3BSME3H","msg":"Tuvimos el siguiente error: Error: Token invalido"}
{"level":50,"time":1652630143133,"pid":3196,"hostname":"DESKTOP-3BSME3H","msg":"Tuvimos el siguiente error: JsonWebTokenError: jwt must be provided"}
{"level":50,"time":1652630143133,"pid":3196,"hostname":"DESKTOP-3BSME3H","msg":"Tuvimos el siguiente error: Error: Token invalido"}
{"level":50,"time":1652633035615,"pid":6680,"hostname":"DESKTOP-3BSME3H","msg":"Tuvimos este error TypeError: Cannot read properties of undefined (reading 'reduce')"}
{"level":50,"time":1652633266579,"pid":10748,"hostname":"DESKTOP-3BSME3H","msg":"Tuvimos este error TypeError: Cannot read properties of undefined (reading 'reduce')"}
{"level":50,"time":1652633981576,"pid":9456,"hostname":"DESKTOP-3BSME3H","msg":"Tuvimos este error ReferenceError: newTotal is not defined"}
{"level":50,"time":1652634007879,"pid":4024,"hostname":"DESKTOP-3BSME3H","msg":"Tuvimos este error ReferenceError: newTotal is not defined"}
{"level":50,"time":1652635210472,"pid":5612,"hostname":"DESKTOP-3BSME3H","msg":"Tuvimos el siguiente error: JsonWebTokenError: jwt must be provided"}
{"level":50,"time":1652635210473,"pid":5612,"hostname":"DESKTOP-3BSME3H","msg":"Tuvimos el siguiente error: Error: Token invalido"}
{"level":50,"time":1652649449917,"pid":2876,"hostname":"DESKTOP-3BSME3H","msg":"Tuvimos el siguiente error: JsonWebTokenError: jwt must be provided"}
{"level":50,"time":1652649449919,"pid":2876,"hostname":"DESKTOP-3BSME3H","msg":"Tuvimos el siguiente error: Error: Token invalido"}
{"level":50,"time":1652649465156,"pid":2876,"hostname":"DESKTOP-3BSME3H","msg":"Tuvimos el siguiente error: ReferenceError: req is not defined"}
{"level":50,"time":1652653062790,"pid":3580,"hostname":"DESKTOP-3BSME3H","msg":"Tuvimos el siguiente error: JsonWebTokenError: jwt must be provided"}
{"level":50,"time":1652653062790,"pid":3580,"hostname":"DESKTOP-3BSME3H","msg":"Tuvimos el siguiente error: Error: Token invalido"}
{"level":50,"time":1652653076004,"pid":3580,"hostname":"DESKTOP-3BSME3H","msg":"Tuvimos el siguiente error: JsonWebTokenError: jwt must be provided"}
{"level":50,"time":1652653076004,"pid":3580,"hostname":"DESKTOP-3BSME3H","msg":"Tuvimos el siguiente error: Error: Token invalido"}
{"level":50,"time":1652656226889,"pid":9012,"hostname":"DESKTOP-3BSME3H","msg":"Tuvimos el siguiente error: TypeError: Server.socket is not a function"}
{"level":50,"time":1652656822345,"pid":7140,"hostname":"DESKTOP-3BSME3H","msg":"Tuvimos el siguiente error: JsonWebTokenError: jwt must be provided"}
{"level":50,"time":1652656822346,"pid":7140,"hostname":"DESKTOP-3BSME3H","msg":"Tuvimos el siguiente error: Error: Token invalido"}
{"level":50,"time":1652656831345,"pid":7140,"hostname":"DESKTOP-3BSME3H","msg":"Tuvimos el siguiente error: JsonWebTokenError: jwt must be provided"}
{"level":50,"time":1652656831346,"pid":7140,"hostname":"DESKTOP-3BSME3H","msg":"Tuvimos el siguiente error: Error: Token invalido"}
{"level":50,"time":1652661200012,"pid":9656,"hostname":"DESKTOP-3BSME3H","msg":"Tuvimos el siguiente error: JsonWebTokenError: jwt must be provided"}
{"level":50,"time":1652661200012,"pid":9656,"hostname":"DESKTOP-3BSME3H","msg":"Tuvimos el siguiente error: Error: Token invalido"}
{"level":50,"time":1652661271408,"pid":708,"hostname":"DESKTOP-3BSME3H","msg":"Tuvimos el siguiente error: JsonWebTokenError: jwt must be provided"}
{"level":50,"time":1652661271409,"pid":708,"hostname":"DESKTOP-3BSME3H","msg":"Tuvimos el siguiente error: Error: Token invalido"}
{"level":50,"time":1652664069603,"pid":9352,"hostname":"DESKTOP-3BSME3H","msg":"Tuvimos el siguiente error: JsonWebTokenError: jwt must be provided"}
{"level":50,"time":1652664069603,"pid":9352,"hostname":"DESKTOP-3BSME3H","msg":"Tuvimos el siguiente error: Error: Token invalido"}
{"level":50,"time":1652664081270,"pid":9352,"hostname":"DESKTOP-3BSME3H","msg":"Tuvimos el siguiente error: CastError: Cast to ObjectId failed for value \"chat\" (type string) at path \"_id\" for model \"products\""}
{"level":50,"time":1652670934973,"pid":7472,"hostname":"DESKTOP-3BSME3H","msg":"Tuvimos el siguiente error: CastError: Cast to ObjectId failed for value \"{ id: '6281be213a38aeb19cf8910e' }\" (type Object) at path \"_id\" for model \"mensajes\""}
{"level":50,"time":1652719297440,"pid":1892,"hostname":"DESKTOP-3BSME3H","msg":"Tuvimos el siguiente error: JsonWebTokenError: jwt must be provided"}
{"level":50,"time":1652719297441,"pid":1892,"hostname":"DESKTOP-3BSME3H","msg":"Tuvimos el siguiente error: Error: Token invalido"}
{"level":50,"time":1652721348534,"pid":4736,"hostname":"DESKTOP-3BSME3H","msg":"Tuvimos el siguiente error: CastError: Cast to ObjectId failed for value \"\" (type string) at path \"_id\" for model \"mensajes\""}
{"level":50,"time":1652721422015,"pid":10136,"hostname":"DESKTOP-3BSME3H","msg":"Tuvimos el siguiente error: CastError: Cast to ObjectId failed for value \"\" (type string) at path \"_id\" for model \"mensajes\""}
{"level":50,"time":1652721464699,"pid":6868,"hostname":"DESKTOP-3BSME3H","msg":"Tuvimos el siguiente error: CastError: Cast to ObjectId failed for value \"\" (type string) at path \"_id\" for model \"mensajes\""}
{"level":50,"time":1652721481967,"pid":9508,"hostname":"DESKTOP-3BSME3H","msg":"Tuvimos el siguiente error: CastError: Cast to ObjectId failed for value \"\" (type string) at path \"_id\" for model \"mensajes\""}
{"level":50,"time":1652721523234,"pid":1848,"hostname":"DESKTOP-3BSME3H","msg":"Tuvimos el siguiente error: CastError: Cast to ObjectId failed for value \"\" (type string) at path \"_id\" for model \"mensajes\""}
{"level":50,"time":1652721625784,"pid":11944,"hostname":"DESKTOP-3BSME3H","msg":"Tuvimos el siguiente error: CastError: Cast to ObjectId failed for value \"\" (type string) at path \"_id\" for model \"mensajes\""}
{"level":50,"time":1652721692717,"pid":2908,"hostname":"DESKTOP-3BSME3H","msg":"Tuvimos el siguiente error: CastError: Cast to ObjectId failed for value \"\" (type string) at path \"_id\" for model \"mensajes\""}
{"level":50,"time":1652723012613,"pid":10576,"hostname":"DESKTOP-3BSME3H","msg":"Tuvimos el siguiente error: CastError: Cast to ObjectId failed for value \"\" (type string) at path \"_id\" for model \"mensajes\""}
{"level":50,"time":1652723057253,"pid":1576,"hostname":"DESKTOP-3BSME3H","msg":"Tuvimos el siguiente error: JsonWebTokenError: jwt must be provided"}
{"level":50,"time":1652723057255,"pid":1576,"hostname":"DESKTOP-3BSME3H","msg":"Tuvimos el siguiente error: Error: Token invalido"}
{"level":50,"time":1652723058011,"pid":1576,"hostname":"DESKTOP-3BSME3H","msg":"Tuvimos el siguiente error: JsonWebTokenError: jwt must be provided"}
{"level":50,"time":1652723058011,"pid":1576,"hostname":"DESKTOP-3BSME3H","msg":"Tuvimos el siguiente error: Error: Token invalido"}
{"level":50,"time":1652723153858,"pid":9980,"hostname":"DESKTOP-3BSME3H","msg":"Tuvimos el siguiente error: JsonWebTokenError: jwt must be provided"}
{"level":50,"time":1652723153858,"pid":9980,"hostname":"DESKTOP-3BSME3H","msg":"Tuvimos el siguiente error: Error: Token invalido"}
{"level":50,"time":1652724032428,"pid":7744,"hostname":"DESKTOP-3BSME3H","msg":"Tuvimos el siguiente error: TypeError: Assignment to constant variable."}
{"level":50,"time":1652743808334,"pid":564,"hostname":"DESKTOP-3BSME3H","msg":"Tuvimos el siguiente error: JsonWebTokenError: jwt must be provided"}
{"level":50,"time":1652743808335,"pid":564,"hostname":"DESKTOP-3BSME3H","msg":"Tuvimos el siguiente error: Error: Token invalido"}
